Rebuild target 'Target 1'
assembling STARTUP.A51...
compiling main.c...
compiling app_main.c...
compiling 1602LCD.c...
compiling HX711.c...
compiling systick.c...
compiling I2C.c...
compiling key_detect.c...
compiling AT24C04.c...
linking...
*** WARNING L15: MULTIPLE CALL TO FUNCTION
    NAME:    PRINTF/PRINTF
    CALLER1: ?C_C51STARTUP
    CALLER2: USB_ISR/USB

*** WARNING L15: MULTIPLE CALL TO FUNCTION
    NAME:    _USB_BULK_INTR_IN/USB
    CALLER1: ?C_C51STARTUP
    CALLER2: USB_ISR/USB

Program Size: data=22.6 xdata=579 const=348 code=10307
creating hex file from ".\Objects\多功能电子秤"...
".\Objects\多功能电子秤" - 0 Error(s), 2 Warning(s).
Build Time Elapsed:  00:00:01
