C51 COMPILER V9.59.0.0   APP_MAIN                                                          12/20/2024 23:25:42 PAGE 1   


C51 COMPILER V9.59.0.0, COMPILATION OF MODULE APP_MAIN
OBJECT MODULE PLACED IN .\Objects\app_main.obj
COMPILER INVOKED BY: C:\Keil_v5\C51\BIN\C51.EXE App\app_main.c LARGE OMF2 OPTIMIZE(8,SPEED) BROWSE INCDIR(.\App;.\divers
                    -;.\main) DEBUG PRINT(.\Listings\app_main.lst) TABS(2) OBJECT(.\Objects\app_main.obj)

line level    source

   1          #include "app_main.h"
   2          
   3          char *USER_DEVICEDESC = NULL;
   4          char *USER_PRODUCTDESC = NULL;
   5          char *USER_STCISPCMD = "@STCISP#"; // 可以自定义
   6          char LCDstr[] = {"LZK"};
   7          void app_main()
   8          {
   9   1      
  10   1          // 扩展寄存器(XFR)访问使能
  11   1          P_SW2 |= 0x80;
  12   1          usb_init();
  13   1          Timer0_Init();
  14   1          EA = 1;
  15   1          P0M0 = 0x00;
  16   1          P0M1 = 0x00;
  17   1          P2M0 = 0x00;
  18   1          P2M1 = 0x00;
  19   1      
  20   1          while (DeviceState != DEVSTATE_CONFIGURED)
  21   1          {
  22   2          }
  23   1          LCD1602_Init();
  24   1          LCD1602_Display_String(1, 5, LCDstr);
  25   1          while (1)
  26   1          {
  27   2      
  28   2              P20 = ~P20;
  29   2              printf("HX711 = %d\n", 23u);
  30   2              DelayTick(1000);
  31   2              printf("LCDDATA = %s\n", LCDstr);
  32   2          }
  33   1      }
  34          
  35          BOOL usb_OUT_callback()
  36          {
  37   1          // 接收字节数保存在OutNumber中
  38   1          // 接收数据保存在UsbOutBuffer缓冲区
  39   1          USB_SendData("ok", 2);
  40   1          return 1;
  41   1      }


MODULE INFORMATION:   STATIC OVERLAYABLE
   CODE SIZE        =    115    ----
   CONSTANT SIZE    =     38    ----
   XDATA SIZE       =     13    ----
   PDATA SIZE       =   ----    ----
   DATA SIZE        =   ----    ----
   IDATA SIZE       =   ----    ----
   BIT SIZE         =   ----    ----
   EDATA SIZE       =   ----    ----
   HDATA SIZE       =   ----    ----
   XDATA CONST SIZE =   ----    ----
C51 COMPILER V9.59.0.0   APP_MAIN                                                          12/20/2024 23:25:42 PAGE 2   

   FAR CONST SIZE   =   ----    ----
END OF MODULE INFORMATION.


C51 COMPILATION COMPLETE.  0 WARNING(S),  0 ERROR(S)
