C51 COMPILER V9.59.0.0   HX711                                                             12/24/2024 23:40:52 PAGE 1   


C51 COMPILER V9.59.0.0, COMPILATION OF MODULE HX711
OBJECT MODULE PLACED IN .\Objects\HX711.obj
COMPILER INVOKED BY: C:\Keil_v5\C51\BIN\C51.EXE divers\HX711.c LARGE OMF2 OPTIMIZE(8,SPEED) BROWSE INCDIR(.\App;.\divers
                    -;.\main) DEBUG PRINT(.\Listings\HX711.lst) TABS(2) OBJECT(.\Objects\HX711.obj)

line level    source

   1          #include "HX711.h"
   2          
   3          ulong ReadCount(void)
   4          {
   5   1          ulong Count;
   6   1          uchar i;
   7   1          ADSK = 0;
   8   1          Count = 0;
   9   1          while (ADDO)
  10   1          {
  11   2          }
  12   1          for (i = 0; i < 24; i++)
  13   1          {
  14   2              ADSK = 1;
  15   2              Count = Count << 1;
  16   2              ADSK = 0;
  17   2              if (ADDO)
  18   2              {
  19   3                  Count++;
  20   3              }
  21   2          }
  22   1      
  23   1          ADSK = 1;
  24   1          Count = Count ^ 0x800000;
  25   1          ADSK = 0;
  26   1          return (Count);
  27   1      }
  28          
  29          uint16_t read_weight(uint16_t k, uint32_t b)
  30          {
  31   1          uint32_t w;
  32   1          uint16_t r;
  33   1          w = ReadCount();
  34   1          if (w < b)
  35   1          {
  36   2              w = b;
  37   2          }
  38   1          r = (w - b) / k;
  39   1          return r;
  40   1      }
  41          
  42          ulong read_weight_base()
  43          {
  44   1          uint i;
  45   1          ulong w = 0;
  46   1          ulong weight_base = 0;
  47   1          for (i = 0; i < 4; i++)
  48   1          {
  49   2              w = ReadCount();
  50   2              weight_base += w;
  51   2              DelayTick(100);
  52   2          }
  53   1          weight_base = weight_base / 4;
  54   1          return weight_base;
C51 COMPILER V9.59.0.0   HX711                                                             12/24/2024 23:40:52 PAGE 2   

  55   1      }


MODULE INFORMATION:   STATIC OVERLAYABLE
   CODE SIZE        =    425    ----
   CONSTANT SIZE    =   ----    ----
   XDATA SIZE       =   ----      24
   PDATA SIZE       =   ----    ----
   DATA SIZE        =   ----    ----
   IDATA SIZE       =   ----    ----
   BIT SIZE         =   ----    ----
   EDATA SIZE       =   ----    ----
   HDATA SIZE       =   ----    ----
   XDATA CONST SIZE =   ----    ----
   FAR CONST SIZE   =   ----    ----
END OF MODULE INFORMATION.


C51 COMPILATION COMPLETE.  0 WARNING(S),  0 ERROR(S)
