C51 COMPILER V9.59.0.0   I2C                                                               12/24/2024 23:40:52 PAGE 1   


C51 COMPILER V9.59.0.0, COMPILATION OF MODULE I2C
OBJECT MODULE PLACED IN .\Objects\I2C.obj
COMPILER INVOKED BY: C:\Keil_v5\C51\BIN\C51.EXE divers\I2C.c LARGE OMF2 OPTIMIZE(8,SPEED) BROWSE INCDIR(.\App;.\divers;.
                    -\main) DEBUG PRINT(.\Listings\I2C.lst) TABS(2) OBJECT(.\Objects\I2C.obj)

line level    source

   1          #include "I2C.h"
   2          
   3          void Wait()
   4          {
   5   1      
   6   1          while (!(I2CMSST & 0x40))
   7   1          {
   8   2          }
   9   1          I2CMSST &= ~0x40;
  10   1      }
  11          /**
  12           * @brief I2C启动
  13           *
  14           */
  15          void I2C_Start()
  16          {
  17   1      
  18   1          I2CMSCR = 0x01;
  19   1          Wait();
  20   1      }
  21          
  22          /**
  23           * @brief I2C停止
  24           *
  25           */
  26          void I2C_Stop()
  27          {
  28   1          I2CMSCR = 0x86;
  29   1          Wait();
  30   1      }
  31          
  32          /**
  33           * @brief I2C发送数据
  34           *
  35           * @param dat
  36           */
  37          void I2C_SendData(uchar dat)
  38          {
  39   1          I2CTXD = dat;
  40   1          I2CMSCR = 0x02;
  41   1          Wait();
  42   1      }
  43          
  44          /**
  45           * @brief I2C接收应答
  46           *
  47           */
  48          void Recv_Ack()
  49          {
  50   1          I2CMSCR = 0x03;
  51   1          Wait();
  52   1      }
  53          
  54          /**
C51 COMPILER V9.59.0.0   I2C                                                               12/24/2024 23:40:52 PAGE 2   

  55           * @brief I2C接收数据
  56           *
  57           * @return char
  58           */
  59          char I2C_RecvData()
  60          {
  61   1          I2CMSCR = 0x04;
  62   1          Wait();
  63   1          return I2CRXD;
  64   1      }
  65          
  66          /**
  67           * @brief I2C发送ACK
  68           *
  69           */
  70          void I2C_SendAck()
  71          {
  72   1          I2CMSST = 0x00;
  73   1          I2CMSCR = 0x05;
  74   1          Wait();
  75   1      }
  76          
  77          /**
  78           * @brief I2C发送NACK
  79           *
  80           */
  81          void I2C_SendNAck()
  82          {
  83   1          I2CMSST = 0x01;
  84   1          I2CMSCR = 0x05;
  85   1          Wait();
  86   1      }
  87          
  88          void I2C_Init()
  89          {
  90   1          I2CCFG = 0xe0;
  91   1          I2CMSST = 0x00;
  92   1      }


MODULE INFORMATION:   STATIC OVERLAYABLE
   CODE SIZE        =    109    ----
   CONSTANT SIZE    =   ----    ----
   XDATA SIZE       =   ----    ----
   PDATA SIZE       =   ----    ----
   DATA SIZE        =   ----    ----
   IDATA SIZE       =   ----    ----
   BIT SIZE         =   ----    ----
   EDATA SIZE       =   ----    ----
   HDATA SIZE       =   ----    ----
   XDATA CONST SIZE =   ----    ----
   FAR CONST SIZE   =   ----    ----
END OF MODULE INFORMATION.


C51 COMPILATION COMPLETE.  0 WARNING(S),  0 ERROR(S)
