C51 COMPILER V9.59.0.0   SERIAL4                                                           12/25/2024 22:31:59 PAGE 1   


C51 COMPILER V9.59.0.0, COMPILATION OF MODULE SERIAL4
OBJECT MODULE PLACED IN .\Objects\Serial4.obj
COMPILER INVOKED BY: C:\Keil_v5\C51\BIN\C51.EXE divers\Serial4.c LARGE OMF2 OPTIMIZE(8,SPEED) BROWSE INCDIR(.\App;.\dive
                    -rs;.\main) DEBUG PRINT(.\Listings\Serial4.lst) TABS(2) OBJECT(.\Objects\Serial4.obj)

line level    source

   1          #include "Serial4.h"
   2          
   3          uchar receivedData;
   4          
   5          BOOL Seria_Busy = 0; // 串口忙标志
   6          /**
   7           * @brief 串口4初始化
   8           *
   9           * 串口4初始化，波特率设置为115200bps。
  10           */
  11          void Uart4_Init(void) // 115200bps@24.000MHz
  12          {
  13   1          S4CON = 0x10;   // 8位数据,可变波特率
  14   1          S4CON |= 0x40;  // 串口4选择定时器4为波特率发生器
  15   1          T4T3M |= 0x20;  // 定时器时钟1T模式
  16   1          T4L = BRT;      // 设置定时初始值
  17   1          T4H = BRT >> 8; // 设置定时初始值
  18   1          T4T3M |= 0x80;  // 定时器4开始计时
  19   1          IE2 |= 0x10;    // 使能串口4中断
  20   1          P_SW2 |= 0x04;  // 将串口4的RXD4_2/P5.2, TXD4_2/P5.3
  21   1      }
  22          
  23          /**
  24           * @brief 串口4发送一个字节
  25           *
  26           *
  27           */
  28          void Uart4Send(char dat)
  29          {
  30   1          while (Seria_Busy)
  31   1          {
  32   2          }
  33   1          Seria_Busy = 1;
  34   1          S4BUF = dat;
  35   1      }
  36          
  37          /**
  38           * @brief 串口4发送多个字节
  39           *
  40           * @param p 发送的字节指针
  41           */
  42          void Uart4SendStr(char *p)
  43          {
  44   1      
  45   1          while (*p)
  46   1          {
  47   2              Uart4Send(*p++);
  48   2          }
  49   1      }
  50          
  51          /**
  52           * @brief 串口4中断服务函数
  53           *
  54           * 串口4中断服务函数，处理串口4的发送和接收中断。
C51 COMPILER V9.59.0.0   SERIAL4                                                           12/25/2024 22:31:59 PAGE 2   

  55           */
  56          void Uart4_Isr(void) interrupt 18
  57          {
  58   1          if (S4CON & 0x02) // 检测串口4发送中断
  59   1          {
  60   2              S4CON &= ~0x02; // 清除串口4发送中断请求位
  61   2              Seria_Busy = 0;
  62   2          }
  63   1          if (S4CON & 0x01) // 检测串口4接收中断
  64   1          {
  65   2              S4CON &= ~0x01; // 清除串口4接收中断请求位
  66   2              receivedData = S4BUF;
  67   2              Uart4Send(receivedData);
  68   2          }
  69   1      }


MODULE INFORMATION:   STATIC OVERLAYABLE
   CODE SIZE        =    140    ----
   CONSTANT SIZE    =   ----    ----
   XDATA SIZE       =      1       3
   PDATA SIZE       =   ----    ----
   DATA SIZE        =   ----    ----
   IDATA SIZE       =   ----    ----
   BIT SIZE         =      1    ----
   EDATA SIZE       =   ----    ----
   HDATA SIZE       =   ----    ----
   XDATA CONST SIZE =   ----    ----
   FAR CONST SIZE   =   ----    ----
END OF MODULE INFORMATION.


C51 COMPILATION COMPLETE.  0 WARNING(S),  0 ERROR(S)
